<?xml version="1.0" encoding="UTF-8"?>
<!-- Generated by org.testng.reporters.JUnitReportReporter -->
<testsuite hostname="RSULL-3788L-BRM" name="raysullivan.unitTest.TestAutomationDriverGetPropertyAttribute" tests="13" failures="0" timestamp="2 Jun 2017 21:59:44 GMT" time="0.025" errors="0">
  <testcase name="getPropertyInvalid" time="0.002" classname="raysullivan.unitTest.TestAutomationDriverGetPropertyAttribute"/>
  <testcase name="getPropertyValid" time="0.002" classname="raysullivan.unitTest.TestAutomationDriverGetPropertyAttribute"/>
  <testcase name="getPropertyValid" time="0.001" classname="raysullivan.unitTest.TestAutomationDriverGetPropertyAttribute"/>
  <testcase name="getPropertyValid" time="0.005" classname="raysullivan.unitTest.TestAutomationDriverGetPropertyAttribute"/>
  <testcase name="getPropertyValid" time="0.001" classname="raysullivan.unitTest.TestAutomationDriverGetPropertyAttribute"/>
  <testcase name="getPropertyValid" time="0.001" classname="raysullivan.unitTest.TestAutomationDriverGetPropertyAttribute"/>
  <testcase name="getPropertyInvalid" time="0.002" classname="raysullivan.unitTest.TestAutomationDriverGetPropertyAttribute"/>
  <testcase name="getPropertyInvalid" time="0.004" classname="raysullivan.unitTest.TestAutomationDriverGetPropertyAttribute"/>
  <testcase name="getPropertyValid" time="0.001" classname="raysullivan.unitTest.TestAutomationDriverGetPropertyAttribute"/>
  <testcase name="getPropertyValid" time="0.001" classname="raysullivan.unitTest.TestAutomationDriverGetPropertyAttribute"/>
  <testcase name="getPropertyValid" time="0.001" classname="raysullivan.unitTest.TestAutomationDriverGetPropertyAttribute"/>
  <testcase name="getPropertyInvalid" time="0.003" classname="raysullivan.unitTest.TestAutomationDriverGetPropertyAttribute"/>
  <testcase name="getPropertyInvalid" time="0.001" classname="raysullivan.unitTest.TestAutomationDriverGetPropertyAttribute"/>
</testsuite> <!-- raysullivan.unitTest.TestAutomationDriverGetPropertyAttribute -->
