<?xml version="1.0" encoding="UTF-8"?>
<!-- Generated by org.testng.reporters.JUnitReportReporter -->
<testsuite hostname="RSULL-3788L-BRM" name="raysullivan.unitTest.TestOpenKDTestFile" tests="9" failures="0" timestamp="25 Apr 2017 19:45:14 GMT" time="0.876" errors="0">
  <testcase name="invalidKBTestFile" time="0.006" classname="raysullivan.unitTest.TestOpenKDTestFile"/>
  <testcase name="invalidKBTestFile" time="0.012" classname="raysullivan.unitTest.TestOpenKDTestFile"/>
  <testcase name="invalidKBTestFile" time="0.002" classname="raysullivan.unitTest.TestOpenKDTestFile"/>
  <testcase name="invalidKBTestFile" time="0.002" classname="raysullivan.unitTest.TestOpenKDTestFile"/>
  <testcase name="validKBTestFile" time="0.057" classname="raysullivan.unitTest.TestOpenKDTestFile"/>
  <testcase name="invalidKBTestFile" time="0.002" classname="raysullivan.unitTest.TestOpenKDTestFile"/>
  <testcase name="invalidKBTestFile" time="0.539" classname="raysullivan.unitTest.TestOpenKDTestFile"/>
  <testcase name="validKBTestFile" time="0.254" classname="raysullivan.unitTest.TestOpenKDTestFile"/>
  <testcase name="invalidKBTestFile" time="0.002" classname="raysullivan.unitTest.TestOpenKDTestFile"/>
</testsuite> <!-- raysullivan.unitTest.TestOpenKDTestFile -->
