<?xml version="1.0" encoding="UTF-8"?>
<!-- Generated by org.testng.reporters.JUnitReportReporter -->
<testsuite hostname="RSULL-3788L-BRM" name="raysullivan.unitTest.TestAdOpenExcelSpreadsheet" tests="9" failures="0" timestamp="5 Jun 2017 20:24:19 GMT" time="1.906" errors="0">
  <testcase name="invalidKBTestFile" time="0.000" classname="raysullivan.unitTest.TestAdOpenExcelSpreadsheet"/>
  <testcase name="invalidKBTestFile" time="0.004" classname="raysullivan.unitTest.TestAdOpenExcelSpreadsheet"/>
  <testcase name="invalidKBTestFile" time="0.005" classname="raysullivan.unitTest.TestAdOpenExcelSpreadsheet"/>
  <testcase name="invalidKBTestFile" time="0.001" classname="raysullivan.unitTest.TestAdOpenExcelSpreadsheet"/>
  <testcase name="invalidKBTestFile" time="0.001" classname="raysullivan.unitTest.TestAdOpenExcelSpreadsheet"/>
  <testcase name="validKBTestFile" time="0.053" classname="raysullivan.unitTest.TestAdOpenExcelSpreadsheet"/>
  <testcase name="invalidKBTestFile" time="0.001" classname="raysullivan.unitTest.TestAdOpenExcelSpreadsheet"/>
  <testcase name="invalidKBTestFile" time="1.341" classname="raysullivan.unitTest.TestAdOpenExcelSpreadsheet"/>
  <testcase name="validKBTestFile" time="0.500" classname="raysullivan.unitTest.TestAdOpenExcelSpreadsheet"/>
</testsuite> <!-- raysullivan.unitTest.TestAdOpenExcelSpreadsheet -->
