<?xml version="1.0" encoding="UTF-8"?>
<!-- Generated by org.testng.reporters.JUnitReportReporter -->
<testsuite hostname="RSULL-3788L-BRM" name="raysullivan.unitTest.TestTakeScreenShot" tests="1" failures="0" timestamp="2 Jun 2017 21:59:44 GMT" time="0.115" errors="0">
  <testcase name="testScreenShot" time="0.115" classname="raysullivan.unitTest.TestTakeScreenShot"/>
</testsuite> <!-- raysullivan.unitTest.TestTakeScreenShot -->
