<?xml version="1.0" encoding="UTF-8"?>
<!-- Generated by org.testng.reporters.JUnitReportReporter -->
<testsuite hostname="RSULL-3788L-BRM" name="raysullivan.unitTest.TestAdEncryptDecrypt" tests="53" failures="0" timestamp="5 Jun 2017 20:24:19 GMT" time="0.095" errors="0">
  <testcase name="decryptStringExceptions" time="0.001" classname="raysullivan.unitTest.TestAdEncryptDecrypt"/>
  <testcase name="decryptString" time="0.001" classname="raysullivan.unitTest.TestAdEncryptDecrypt"/>
  <testcase name="decryptString" time="0.003" classname="raysullivan.unitTest.TestAdEncryptDecrypt"/>
  <testcase name="encryptString" time="0.001" classname="raysullivan.unitTest.TestAdEncryptDecrypt"/>
  <testcase name="decryptStringExceptions" time="0.000" classname="raysullivan.unitTest.TestAdEncryptDecrypt"/>
  <testcase name="decryptStringExceptions" time="0.001" classname="raysullivan.unitTest.TestAdEncryptDecrypt"/>
  <testcase name="decryptStringExceptions" time="0.000" classname="raysullivan.unitTest.TestAdEncryptDecrypt"/>
  <testcase name="decryptStringBad" time="0.001" classname="raysullivan.unitTest.TestAdEncryptDecrypt"/>
  <testcase name="decryptStringBad" time="0.001" classname="raysullivan.unitTest.TestAdEncryptDecrypt"/>
  <testcase name="encryptStringBad" time="0.001" classname="raysullivan.unitTest.TestAdEncryptDecrypt"/>
  <testcase name="decryptStringBad" time="0.001" classname="raysullivan.unitTest.TestAdEncryptDecrypt"/>
  <testcase name="decryptStringBad" time="0.001" classname="raysullivan.unitTest.TestAdEncryptDecrypt"/>
  <testcase name="decryptStringBad" time="0.003" classname="raysullivan.unitTest.TestAdEncryptDecrypt"/>
  <testcase name="decryptStringBad" time="0.001" classname="raysullivan.unitTest.TestAdEncryptDecrypt"/>
  <testcase name="encryptString" time="0.001" classname="raysullivan.unitTest.TestAdEncryptDecrypt"/>
  <testcase name="encryptStringExceptions" time="0.000" classname="raysullivan.unitTest.TestAdEncryptDecrypt"/>
  <testcase name="encryptStringExceptions" time="0.001" classname="raysullivan.unitTest.TestAdEncryptDecrypt"/>
  <testcase name="decryptStringExceptions" time="0.000" classname="raysullivan.unitTest.TestAdEncryptDecrypt"/>
  <testcase name="decryptStringBad" time="0.001" classname="raysullivan.unitTest.TestAdEncryptDecrypt"/>
  <testcase name="decryptStringBad" time="0.001" classname="raysullivan.unitTest.TestAdEncryptDecrypt"/>
  <testcase name="decryptString" time="0.001" classname="raysullivan.unitTest.TestAdEncryptDecrypt"/>
  <testcase name="encryptStringExceptions" time="0.001" classname="raysullivan.unitTest.TestAdEncryptDecrypt"/>
  <testcase name="decryptString" time="0.001" classname="raysullivan.unitTest.TestAdEncryptDecrypt"/>
  <testcase name="encryptString" time="0.001" classname="raysullivan.unitTest.TestAdEncryptDecrypt"/>
  <testcase name="decryptStringBad" time="0.001" classname="raysullivan.unitTest.TestAdEncryptDecrypt"/>
  <testcase name="encryptStringBad" time="0.000" classname="raysullivan.unitTest.TestAdEncryptDecrypt"/>
  <testcase name="decryptStringExceptions" time="0.010" classname="raysullivan.unitTest.TestAdEncryptDecrypt"/>
  <testcase name="decryptStringExceptions" time="0.013" classname="raysullivan.unitTest.TestAdEncryptDecrypt"/>
  <testcase name="encryptStringBad" time="0.001" classname="raysullivan.unitTest.TestAdEncryptDecrypt"/>
  <testcase name="decryptString" time="0.000" classname="raysullivan.unitTest.TestAdEncryptDecrypt"/>
  <testcase name="decryptStringExceptions" time="0.000" classname="raysullivan.unitTest.TestAdEncryptDecrypt"/>
  <testcase name="encryptString" time="0.003" classname="raysullivan.unitTest.TestAdEncryptDecrypt"/>
  <testcase name="decryptString" time="0.000" classname="raysullivan.unitTest.TestAdEncryptDecrypt"/>
  <testcase name="encryptStringExceptions" time="0.011" classname="raysullivan.unitTest.TestAdEncryptDecrypt"/>
  <testcase name="encryptString" time="0.001" classname="raysullivan.unitTest.TestAdEncryptDecrypt"/>
  <testcase name="encryptStringBad" time="0.001" classname="raysullivan.unitTest.TestAdEncryptDecrypt"/>
  <testcase name="encryptStringBad" time="0.001" classname="raysullivan.unitTest.TestAdEncryptDecrypt"/>
  <testcase name="encryptStringBad" time="0.001" classname="raysullivan.unitTest.TestAdEncryptDecrypt"/>
  <testcase name="encryptString" time="0.001" classname="raysullivan.unitTest.TestAdEncryptDecrypt"/>
  <testcase name="decryptStringExceptions" time="0.001" classname="raysullivan.unitTest.TestAdEncryptDecrypt"/>
  <testcase name="encryptString" time="0.001" classname="raysullivan.unitTest.TestAdEncryptDecrypt"/>
  <testcase name="encryptStringExceptions" time="0.001" classname="raysullivan.unitTest.TestAdEncryptDecrypt"/>
  <testcase name="encryptStringExceptions" time="0.000" classname="raysullivan.unitTest.TestAdEncryptDecrypt"/>
  <testcase name="decryptString" time="0.001" classname="raysullivan.unitTest.TestAdEncryptDecrypt"/>
  <testcase name="decryptStringExceptions" time="0.002" classname="raysullivan.unitTest.TestAdEncryptDecrypt"/>
  <testcase name="encryptStringExceptions" time="0.016" classname="raysullivan.unitTest.TestAdEncryptDecrypt"/>
  <testcase name="encryptStringExceptions" time="0.000" classname="raysullivan.unitTest.TestAdEncryptDecrypt"/>
  <testcase name="decryptString" time="0.001" classname="raysullivan.unitTest.TestAdEncryptDecrypt"/>
  <testcase name="decryptStringExceptions" time="0.001" classname="raysullivan.unitTest.TestAdEncryptDecrypt"/>
  <testcase name="encryptStringBad" time="0.001" classname="raysullivan.unitTest.TestAdEncryptDecrypt"/>
  <testcase name="decryptString" time="0.000" classname="raysullivan.unitTest.TestAdEncryptDecrypt"/>
  <testcase name="encryptString" time="0.001" classname="raysullivan.unitTest.TestAdEncryptDecrypt"/>
  <testcase name="encryptStringBad" time="0.001" classname="raysullivan.unitTest.TestAdEncryptDecrypt"/>
</testsuite> <!-- raysullivan.unitTest.TestAdEncryptDecrypt -->
