<?xml version="1.0" encoding="UTF-8"?>
<!-- Generated by org.testng.reporters.JUnitReportReporter -->
<testsuite hostname="RSULL-3788L-BRM" name="raysullivan.unitTest.TestAdUtil" tests="55" failures="0" timestamp="5 Jun 2017 20:24:20 GMT" time="0.331" errors="0">
  <testcase name="getElapsedTime" time="0.001" classname="raysullivan.unitTest.TestAdUtil"/>
  <testcase name="getWebProfile" time="0.000" classname="raysullivan.unitTest.TestAdUtil"/>
  <testcase name="valueCellFormatTest" time="0.001" classname="raysullivan.unitTest.TestAdUtil"/>
  <testcase name="getElapsedTime" time="0.001" classname="raysullivan.unitTest.TestAdUtil"/>
  <testcase name="getElapsedTime" time="0.000" classname="raysullivan.unitTest.TestAdUtil"/>
  <testcase name="getTestReportPath" time="0.022" classname="raysullivan.unitTest.TestAdUtil"/>
  <testcase name="getTestProfile" time="0.001" classname="raysullivan.unitTest.TestAdUtil"/>
  <testcase name="valueCellFormatTest" time="0.001" classname="raysullivan.unitTest.TestAdUtil"/>
  <testcase name="getAverage" time="0.002" classname="raysullivan.unitTest.TestAdUtil"/>
  <testcase name="getWorksheet" time="0.001" classname="raysullivan.unitTest.TestAdUtil"/>
  <testcase name="getBrowser" time="0.003" classname="raysullivan.unitTest.TestAdUtil"/>
  <testcase name="valueCellFormatTest" time="0.001" classname="raysullivan.unitTest.TestAdUtil"/>
  <testcase name="getAverage" time="0.001" classname="raysullivan.unitTest.TestAdUtil"/>
  <testcase name="getIsCapCsv" time="0.002" classname="raysullivan.unitTest.TestAdUtil"/>
  <testcase name="valueCellFormatTest" time="0.001" classname="raysullivan.unitTest.TestAdUtil"/>
  <testcase name="valueCellFormatTest" time="0.000" classname="raysullivan.unitTest.TestAdUtil"/>
  <testcase name="getElapsedTime" time="0.001" classname="raysullivan.unitTest.TestAdUtil"/>
  <testcase name="getPropertyName" time="0.000" classname="raysullivan.unitTest.TestAdUtil"/>
  <testcase name="valueCellFormatTest" time="0.003" classname="raysullivan.unitTest.TestAdUtil"/>
  <testcase name="getSuccess" time="0.001" classname="raysullivan.unitTest.TestAdUtil"/>
  <testcase name="getElapsedTime" time="0.001" classname="raysullivan.unitTest.TestAdUtil"/>
  <testcase name="getElapsedTime" time="0.001" classname="raysullivan.unitTest.TestAdUtil"/>
  <testcase name="valueCellFormatTest" time="0.017" classname="raysullivan.unitTest.TestAdUtil"/>
  <testcase name="valueCellFormatTest" time="0.001" classname="raysullivan.unitTest.TestAdUtil"/>
  <testcase name="getElapsedTime" time="0.001" classname="raysullivan.unitTest.TestAdUtil"/>
  <testcase name="valueCellFormatTest" time="0.016" classname="raysullivan.unitTest.TestAdUtil"/>
  <testcase name="valueCellFormatExceptionTest" time="0.001" classname="raysullivan.unitTest.TestAdUtil"/>
  <testcase name="getAverage" time="0.001" classname="raysullivan.unitTest.TestAdUtil"/>
  <testcase name="getSheetIterations" time="0.003" classname="raysullivan.unitTest.TestAdUtil"/>
  <testcase name="getSpreadsheet" time="0.001" classname="raysullivan.unitTest.TestAdUtil"/>
  <testcase name="getResultSpreadsheet" time="0.000" classname="raysullivan.unitTest.TestAdUtil"/>
  <testcase name="getElapsedTime" time="0.001" classname="raysullivan.unitTest.TestAdUtil"/>
  <testcase name="getTestPropertyPath" time="0.000" classname="raysullivan.unitTest.TestAdUtil"/>
  <testcase name="getIsCapVideo" time="0.001" classname="raysullivan.unitTest.TestAdUtil"/>
  <testcase name="valueCellFormatTest" time="0.000" classname="raysullivan.unitTest.TestAdUtil"/>
  <testcase name="getTestcase" time="0.001" classname="raysullivan.unitTest.TestAdUtil"/>
  <testcase name="getAverage" time="0.002" classname="raysullivan.unitTest.TestAdUtil"/>
  <testcase name="getAverage" time="0.020" classname="raysullivan.unitTest.TestAdUtil"/>
  <testcase name="getAverage" time="0.001" classname="raysullivan.unitTest.TestAdUtil"/>
  <testcase name="getAverage" time="0.000" classname="raysullivan.unitTest.TestAdUtil"/>
  <testcase name="valueCellFormatTest" time="0.000" classname="raysullivan.unitTest.TestAdUtil"/>
  <testcase name="getAverage" time="0.001" classname="raysullivan.unitTest.TestAdUtil"/>
  <testcase name="getElapsedTime" time="0.001" classname="raysullivan.unitTest.TestAdUtil"/>
  <testcase name="getTestTimeout" time="0.000" classname="raysullivan.unitTest.TestAdUtil"/>
  <testcase name="getElapsedTime" time="0.001" classname="raysullivan.unitTest.TestAdUtil"/>
  <testcase name="valueCellFormatTest" time="0.001" classname="raysullivan.unitTest.TestAdUtil"/>
  <testcase name="valueCellFormatTest" time="0.000" classname="raysullivan.unitTest.TestAdUtil"/>
  <testcase name="getElapsedTime" time="0.000" classname="raysullivan.unitTest.TestAdUtil"/>
  <testcase name="valueCellFormatTest" time="0.209" classname="raysullivan.unitTest.TestAdUtil"/>
  <testcase name="valueCellFormatExceptionTest" time="0.001" classname="raysullivan.unitTest.TestAdUtil"/>
  <testcase name="getAverage" time="0.001" classname="raysullivan.unitTest.TestAdUtil"/>
  <testcase name="valueCellFormatTest" time="0.001" classname="raysullivan.unitTest.TestAdUtil"/>
  <testcase name="getElapsedTime" time="0.001" classname="raysullivan.unitTest.TestAdUtil"/>
  <testcase name="getKeyString" time="0.001" classname="raysullivan.unitTest.TestAdUtil"/>
  <testcase name="getError" time="0.001" classname="raysullivan.unitTest.TestAdUtil"/>
</testsuite> <!-- raysullivan.unitTest.TestAdUtil -->
