<?xml version="1.0" encoding="UTF-8"?>
<!-- Generated by org.testng.reporters.JUnitReportReporter -->
<testsuite hostname="RSULL-3788L-BRM" name="raysullivan.unitTest.TestAdOpenExcelSpreadsheet" tests="9" failures="0" timestamp="16 Jun 2017 19:28:38 GMT" time="2.301" errors="0">
  <testcase name="invalidKBTestFile" time="0.021" classname="raysullivan.unitTest.TestAdOpenExcelSpreadsheet"/>
  <testcase name="invalidKBTestFile" time="0.002" classname="raysullivan.unitTest.TestAdOpenExcelSpreadsheet"/>
  <testcase name="invalidKBTestFile" time="0.025" classname="raysullivan.unitTest.TestAdOpenExcelSpreadsheet"/>
  <testcase name="validKBTestFile" time="0.253" classname="raysullivan.unitTest.TestAdOpenExcelSpreadsheet"/>
  <testcase name="validKBTestFile" time="0.066" classname="raysullivan.unitTest.TestAdOpenExcelSpreadsheet"/>
  <testcase name="invalidKBTestFile" time="0.081" classname="raysullivan.unitTest.TestAdOpenExcelSpreadsheet"/>
  <testcase name="invalidKBTestFile" time="0.000" classname="raysullivan.unitTest.TestAdOpenExcelSpreadsheet"/>
  <testcase name="invalidKBTestFile" time="1.852" classname="raysullivan.unitTest.TestAdOpenExcelSpreadsheet"/>
  <testcase name="invalidKBTestFile" time="0.001" classname="raysullivan.unitTest.TestAdOpenExcelSpreadsheet"/>
</testsuite> <!-- raysullivan.unitTest.TestAdOpenExcelSpreadsheet -->
