<?xml version="1.0" encoding="UTF-8"?>
<!-- Generated by org.testng.reporters.JUnitReportReporter -->
<testsuite hostname="RSULL-3788L-BRM" name="raysullivan.unitTest.TestAdKeywords" tests="37" failures="0" timestamp="5 Jun 2017 20:24:20 GMT" time="0.200" errors="0">
  <testcase name="TestAssertNotEquals" time="0.001" classname="raysullivan.unitTest.TestAdKeywords"/>
  <testcase name="TestAssertNotContains" time="0.000" classname="raysullivan.unitTest.TestAdKeywords"/>
  <testcase name="TestAssertContains" time="0.000" classname="raysullivan.unitTest.TestAdKeywords"/>
  <testcase name="TestValidateAssertVariables" time="0.000" classname="raysullivan.unitTest.TestAdKeywords"/>
  <testcase name="TestValidateAssertVariablesInvalid" time="0.000" classname="raysullivan.unitTest.TestAdKeywords"/>
  <testcase name="TestValidateAssertVariablesInvalid" time="0.001" classname="raysullivan.unitTest.TestAdKeywords"/>
  <testcase name="TestValidateAssertVariablesInvalid" time="0.001" classname="raysullivan.unitTest.TestAdKeywords"/>
  <testcase name="TestValidateAssertVariablesInvalid" time="0.055" classname="raysullivan.unitTest.TestAdKeywords"/>
  <testcase name="TestValidateAssertVariablesInvalid" time="0.001" classname="raysullivan.unitTest.TestAdKeywords"/>
  <testcase name="TestAssertEquals" time="0.001" classname="raysullivan.unitTest.TestAdKeywords"/>
  <testcase name="TestAssertNotContains" time="0.000" classname="raysullivan.unitTest.TestAdKeywords"/>
  <testcase name="TestAssertNotContains" time="0.001" classname="raysullivan.unitTest.TestAdKeywords"/>
  <testcase name="TestAssertEquals" time="0.000" classname="raysullivan.unitTest.TestAdKeywords"/>
  <testcase name="TestAssertContains" time="0.000" classname="raysullivan.unitTest.TestAdKeywords"/>
  <testcase name="TestAssertNotContains" time="0.000" classname="raysullivan.unitTest.TestAdKeywords"/>
  <testcase name="TestAssertContains" time="0.001" classname="raysullivan.unitTest.TestAdKeywords"/>
  <testcase name="TestValidateAssertVariablesInvalid" time="0.001" classname="raysullivan.unitTest.TestAdKeywords"/>
  <testcase name="TestAssertNotContains" time="0.001" classname="raysullivan.unitTest.TestAdKeywords"/>
  <testcase name="TestAssertContains" time="0.001" classname="raysullivan.unitTest.TestAdKeywords"/>
  <testcase name="TestAssertContains" time="0.009" classname="raysullivan.unitTest.TestAdKeywords"/>
  <testcase name="TestAssertNotEquals" time="0.000" classname="raysullivan.unitTest.TestAdKeywords"/>
  <testcase name="TestAssertNotEquals" time="0.018" classname="raysullivan.unitTest.TestAdKeywords"/>
  <testcase name="TestValidateAssertVariablesInvalid" time="0.000" classname="raysullivan.unitTest.TestAdKeywords"/>
  <testcase name="TestValidateAssertVariablesInvalid" time="0.000" classname="raysullivan.unitTest.TestAdKeywords"/>
  <testcase name="TestAssertEquals" time="0.000" classname="raysullivan.unitTest.TestAdKeywords"/>
  <testcase name="TestValidateAssertVariablesInvalid" time="0.000" classname="raysullivan.unitTest.TestAdKeywords"/>
  <testcase name="TestValidateAssertVariablesInvalid" time="0.029" classname="raysullivan.unitTest.TestAdKeywords"/>
  <testcase name="TestAssertContains" time="0.001" classname="raysullivan.unitTest.TestAdKeywords"/>
  <testcase name="TestAssertContains" time="0.001" classname="raysullivan.unitTest.TestAdKeywords"/>
  <testcase name="TestValidateAssertVariables" time="0.000" classname="raysullivan.unitTest.TestAdKeywords"/>
  <testcase name="TestValidateAssertVariablesInvalid" time="0.029" classname="raysullivan.unitTest.TestAdKeywords"/>
  <testcase name="TestAssertNotContains" time="0.001" classname="raysullivan.unitTest.TestAdKeywords"/>
  <testcase name="TestValidateAssertVariablesInvalid" time="0.011" classname="raysullivan.unitTest.TestAdKeywords"/>
  <testcase name="TestAssertEquals" time="0.000" classname="raysullivan.unitTest.TestAdKeywords"/>
  <testcase name="TestValidateAssertVariablesInvalid" time="0.011" classname="raysullivan.unitTest.TestAdKeywords"/>
  <testcase name="TestValidateAssertVariablesInvalid" time="0.025" classname="raysullivan.unitTest.TestAdKeywords"/>
  <testcase name="TestValidateAssertVariablesInvalid" time="0.000" classname="raysullivan.unitTest.TestAdKeywords"/>
</testsuite> <!-- raysullivan.unitTest.TestAdKeywords -->
