<?xml version="1.0" encoding="UTF-8"?>
<!-- Generated by org.testng.reporters.JUnitReportReporter -->
<testsuite hostname="RSULL-3788L-BRM" name="raysullivan.unitTest.TestAdVariable" tests="28" failures="0" timestamp="16 Jun 2017 19:28:38 GMT" time="0.023" errors="0">
  <testcase name="validateVariable" time="0.000" classname="raysullivan.unitTest.TestAdVariable"/>
  <testcase name="validateVariableInvalid" time="0.001" classname="raysullivan.unitTest.TestAdVariable"/>
  <testcase name="setVariableMultiple" time="0.001" classname="raysullivan.unitTest.TestAdVariable"/>
  <testcase name="isAVariableTest" time="0.000" classname="raysullivan.unitTest.TestAdVariable"/>
  <testcase name="validateVariable" time="0.008" classname="raysullivan.unitTest.TestAdVariable"/>
  <testcase name="isAVariableTest" time="0.000" classname="raysullivan.unitTest.TestAdVariable"/>
  <testcase name="isAVariableTest" time="0.000" classname="raysullivan.unitTest.TestAdVariable"/>
  <testcase name="validateVariableInvalid" time="0.000" classname="raysullivan.unitTest.TestAdVariable"/>
  <testcase name="validateVariable" time="0.001" classname="raysullivan.unitTest.TestAdVariable"/>
  <testcase name="setVariableAndOverwrite" time="0.002" classname="raysullivan.unitTest.TestAdVariable"/>
  <testcase name="isAVariableTest" time="0.000" classname="raysullivan.unitTest.TestAdVariable"/>
  <testcase name="isAVariableTest" time="0.000" classname="raysullivan.unitTest.TestAdVariable"/>
  <testcase name="isAVariableTest" time="0.000" classname="raysullivan.unitTest.TestAdVariable"/>
  <testcase name="validateVariableInvalid" time="0.001" classname="raysullivan.unitTest.TestAdVariable"/>
  <testcase name="validateVariable" time="0.000" classname="raysullivan.unitTest.TestAdVariable"/>
  <testcase name="isAVariableTest" time="0.000" classname="raysullivan.unitTest.TestAdVariable"/>
  <testcase name="setVariableAndOverwrite" time="0.000" classname="raysullivan.unitTest.TestAdVariable"/>
  <testcase name="validateVariable" time="0.000" classname="raysullivan.unitTest.TestAdVariable"/>
  <testcase name="isAVariableTest" time="0.000" classname="raysullivan.unitTest.TestAdVariable"/>
  <testcase name="isAVariableTest" time="0.000" classname="raysullivan.unitTest.TestAdVariable"/>
  <testcase name="setVariableAndOverwrite" time="0.000" classname="raysullivan.unitTest.TestAdVariable"/>
  <testcase name="isAVariableTest" time="0.001" classname="raysullivan.unitTest.TestAdVariable"/>
  <testcase name="validateAssertVariables" time="0.000" classname="raysullivan.unitTest.TestAdVariable"/>
  <testcase name="isAVariableTest" time="0.000" classname="raysullivan.unitTest.TestAdVariable"/>
  <testcase name="setVariableMultiple" time="0.000" classname="raysullivan.unitTest.TestAdVariable"/>
  <testcase name="isAVariableTest" time="0.007" classname="raysullivan.unitTest.TestAdVariable"/>
  <testcase name="isAVariableTest" time="0.001" classname="raysullivan.unitTest.TestAdVariable"/>
  <testcase name="isAVariableTest" time="0.000" classname="raysullivan.unitTest.TestAdVariable"/>
</testsuite> <!-- raysullivan.unitTest.TestAdVariable -->
