<?xml version="1.0" encoding="UTF-8"?>
<!-- Generated by org.testng.reporters.JUnitReportReporter -->
<testsuite hostname="RSULL-3788L-BRM" name="raysullivan.unitTest.TestAutomationDriverBrowserProperties" tests="2" failures="0" timestamp="2 Jun 2017 21:59:44 GMT" time="0.002" errors="0">
  <testcase name="testFileNotFound" time="0.001" classname="raysullivan.unitTest.TestAutomationDriverBrowserProperties"/>
  <testcase name="testPropertyFile" time="0.001" classname="raysullivan.unitTest.TestAutomationDriverBrowserProperties"/>
</testsuite> <!-- raysullivan.unitTest.TestAutomationDriverBrowserProperties -->
