<?xml version="1.0" encoding="UTF-8"?>
<!-- Generated by org.testng.reporters.JUnitReportReporter -->
<testsuite hostname="RSULL-3788L-BRM" name="raysullivan.unitTest.TestAdBrowserProperties" tests="2" failures="0" timestamp="5 Jun 2017 20:24:20 GMT" time="0.002" errors="0">
  <testcase name="testFileNotFound" time="0.001" classname="raysullivan.unitTest.TestAdBrowserProperties"/>
  <testcase name="testPropertyFile" time="0.001" classname="raysullivan.unitTest.TestAdBrowserProperties"/>
</testsuite> <!-- raysullivan.unitTest.TestAdBrowserProperties -->
