<?xml version="1.0" encoding="UTF-8"?>
<!-- Generated by org.testng.reporters.JUnitReportReporter -->
<testsuite hostname="RSULL-3788L-BRM" name="raysullivan.unitTest.TestAdGetPropertyAttribute" tests="13" failures="0" timestamp="9 Jun 2017 22:39:49 GMT" time="0.047" errors="0">
  <testcase name="getPropertyInvalid" time="0.011" classname="raysullivan.unitTest.TestAdGetPropertyAttribute"/>
  <testcase name="getPropertyValid" time="0.001" classname="raysullivan.unitTest.TestAdGetPropertyAttribute"/>
  <testcase name="getPropertyValid" time="0.001" classname="raysullivan.unitTest.TestAdGetPropertyAttribute"/>
  <testcase name="getPropertyValid" time="0.002" classname="raysullivan.unitTest.TestAdGetPropertyAttribute"/>
  <testcase name="getPropertyValid" time="0.001" classname="raysullivan.unitTest.TestAdGetPropertyAttribute"/>
  <testcase name="getPropertyInvalid" time="0.006" classname="raysullivan.unitTest.TestAdGetPropertyAttribute"/>
  <testcase name="getPropertyValid" time="0.001" classname="raysullivan.unitTest.TestAdGetPropertyAttribute"/>
  <testcase name="getPropertyValid" time="0.001" classname="raysullivan.unitTest.TestAdGetPropertyAttribute"/>
  <testcase name="getPropertyValid" time="0.005" classname="raysullivan.unitTest.TestAdGetPropertyAttribute"/>
  <testcase name="getPropertyValid" time="0.001" classname="raysullivan.unitTest.TestAdGetPropertyAttribute"/>
  <testcase name="getPropertyInvalid" time="0.002" classname="raysullivan.unitTest.TestAdGetPropertyAttribute"/>
  <testcase name="getPropertyInvalid" time="0.002" classname="raysullivan.unitTest.TestAdGetPropertyAttribute"/>
  <testcase name="getPropertyInvalid" time="0.013" classname="raysullivan.unitTest.TestAdGetPropertyAttribute"/>
</testsuite> <!-- raysullivan.unitTest.TestAdGetPropertyAttribute -->
