<?xml version="1.0" encoding="UTF-8"?>
<!-- Generated by org.testng.reporters.JUnitReportReporter -->
<testsuite hostname="RSULL-3788L-BRM" name="raysullivan.unitTest.TestAutomationDriverUtilTest" tests="53" failures="0" timestamp="26 Apr 2017 19:21:34 GMT" time="0.481" errors="0">
  <testcase name="getElapsedTime" time="0.001" classname="raysullivan.unitTest.TestAutomationDriverUtilTest"/>
  <testcase name="getAverage" time="0.027" classname="raysullivan.unitTest.TestAutomationDriverUtilTest"/>
  <testcase name="getSpreadsheet" time="0.000" classname="raysullivan.unitTest.TestAutomationDriverUtilTest"/>
  <testcase name="valueCellFormatExceptionTest" time="0.001" classname="raysullivan.unitTest.TestAutomationDriverUtilTest"/>
  <testcase name="valueCellFormatTest" time="0.001" classname="raysullivan.unitTest.TestAutomationDriverUtilTest"/>
  <testcase name="valueCellFormatTest" time="0.002" classname="raysullivan.unitTest.TestAutomationDriverUtilTest"/>
  <testcase name="getPropertyName" time="0.001" classname="raysullivan.unitTest.TestAutomationDriverUtilTest"/>
  <testcase name="getAverage" time="0.001" classname="raysullivan.unitTest.TestAutomationDriverUtilTest"/>
  <testcase name="valueCellFormatTest" time="0.000" classname="raysullivan.unitTest.TestAutomationDriverUtilTest"/>
  <testcase name="getAverage" time="0.000" classname="raysullivan.unitTest.TestAutomationDriverUtilTest"/>
  <testcase name="valueCellFormatTest" time="0.342" classname="raysullivan.unitTest.TestAutomationDriverUtilTest"/>
  <testcase name="getElapsedTime" time="0.001" classname="raysullivan.unitTest.TestAutomationDriverUtilTest"/>
  <testcase name="getElapsedTime" time="0.001" classname="raysullivan.unitTest.TestAutomationDriverUtilTest"/>
  <testcase name="getResultSpreadsheet" time="0.001" classname="raysullivan.unitTest.TestAutomationDriverUtilTest"/>
  <testcase name="getSuccess" time="0.001" classname="raysullivan.unitTest.TestAutomationDriverUtilTest"/>
  <testcase name="getIsCapVideo" time="0.000" classname="raysullivan.unitTest.TestAutomationDriverUtilTest"/>
  <testcase name="valueCellFormatTest" time="0.030" classname="raysullivan.unitTest.TestAutomationDriverUtilTest"/>
  <testcase name="getAverage" time="0.001" classname="raysullivan.unitTest.TestAutomationDriverUtilTest"/>
  <testcase name="getAverage" time="0.001" classname="raysullivan.unitTest.TestAutomationDriverUtilTest"/>
  <testcase name="getElapsedTime" time="0.001" classname="raysullivan.unitTest.TestAutomationDriverUtilTest"/>
  <testcase name="valueCellFormatTest" time="0.000" classname="raysullivan.unitTest.TestAutomationDriverUtilTest"/>
  <testcase name="getElapsedTime" time="0.001" classname="raysullivan.unitTest.TestAutomationDriverUtilTest"/>
  <testcase name="valueCellFormatTest" time="0.001" classname="raysullivan.unitTest.TestAutomationDriverUtilTest"/>
  <testcase name="getError" time="0.001" classname="raysullivan.unitTest.TestAutomationDriverUtilTest"/>
  <testcase name="getElapsedTime" time="0.000" classname="raysullivan.unitTest.TestAutomationDriverUtilTest"/>
  <testcase name="valueCellFormatTest" time="0.044" classname="raysullivan.unitTest.TestAutomationDriverUtilTest"/>
  <testcase name="getElapsedTime" time="0.000" classname="raysullivan.unitTest.TestAutomationDriverUtilTest"/>
  <testcase name="getAverage" time="0.000" classname="raysullivan.unitTest.TestAutomationDriverUtilTest"/>
  <testcase name="getAverage" time="0.001" classname="raysullivan.unitTest.TestAutomationDriverUtilTest"/>
  <testcase name="getElapsedTime" time="0.001" classname="raysullivan.unitTest.TestAutomationDriverUtilTest"/>
  <testcase name="valueCellFormatTest" time="0.002" classname="raysullivan.unitTest.TestAutomationDriverUtilTest"/>
  <testcase name="getTestcase" time="0.000" classname="raysullivan.unitTest.TestAutomationDriverUtilTest"/>
  <testcase name="getWorksheet" time="0.000" classname="raysullivan.unitTest.TestAutomationDriverUtilTest"/>
  <testcase name="valueCellFormatTest" time="0.001" classname="raysullivan.unitTest.TestAutomationDriverUtilTest"/>
  <testcase name="valueCellFormatTest" time="0.000" classname="raysullivan.unitTest.TestAutomationDriverUtilTest"/>
  <testcase name="getTestProfile" time="0.001" classname="raysullivan.unitTest.TestAutomationDriverUtilTest"/>
  <testcase name="getSheetIterations" time="0.002" classname="raysullivan.unitTest.TestAutomationDriverUtilTest"/>
  <testcase name="valueCellFormatTest" time="0.002" classname="raysullivan.unitTest.TestAutomationDriverUtilTest"/>
  <testcase name="getAverage" time="0.000" classname="raysullivan.unitTest.TestAutomationDriverUtilTest"/>
  <testcase name="getElapsedTime" time="0.000" classname="raysullivan.unitTest.TestAutomationDriverUtilTest"/>
  <testcase name="getBrowser" time="0.003" classname="raysullivan.unitTest.TestAutomationDriverUtilTest"/>
  <testcase name="valueCellFormatTest" time="0.001" classname="raysullivan.unitTest.TestAutomationDriverUtilTest"/>
  <testcase name="getElapsedTime" time="0.000" classname="raysullivan.unitTest.TestAutomationDriverUtilTest"/>
  <testcase name="getIsCapCsv" time="0.002" classname="raysullivan.unitTest.TestAutomationDriverUtilTest"/>
  <testcase name="getWebProfile" time="0.000" classname="raysullivan.unitTest.TestAutomationDriverUtilTest"/>
  <testcase name="valueCellFormatTest" time="0.001" classname="raysullivan.unitTest.TestAutomationDriverUtilTest"/>
  <testcase name="getAverage" time="0.001" classname="raysullivan.unitTest.TestAutomationDriverUtilTest"/>
  <testcase name="getKeyString" time="0.000" classname="raysullivan.unitTest.TestAutomationDriverUtilTest"/>
  <testcase name="getTestTimeout" time="0.000" classname="raysullivan.unitTest.TestAutomationDriverUtilTest"/>
  <testcase name="valueCellFormatTest" time="0.001" classname="raysullivan.unitTest.TestAutomationDriverUtilTest"/>
  <testcase name="valueCellFormatExceptionTest" time="0.002" classname="raysullivan.unitTest.TestAutomationDriverUtilTest"/>
  <testcase name="getElapsedTime" time="0.000" classname="raysullivan.unitTest.TestAutomationDriverUtilTest"/>
  <testcase name="getElapsedTime" time="0.000" classname="raysullivan.unitTest.TestAutomationDriverUtilTest"/>
</testsuite> <!-- raysullivan.unitTest.TestAutomationDriverUtilTest -->
