<?xml version="1.0" encoding="UTF-8"?>
<!-- Generated by org.testng.reporters.JUnitReportReporter -->
<testsuite hostname="RSULL-3788L-BRM" name="raysullivan.unitTest.TestExcelSpreadsheet" tests="9" failures="0" timestamp="2 Jun 2017 21:59:44 GMT" time="1.102" errors="0">
  <testcase name="invalidKBTestFile" time="0.001" classname="raysullivan.unitTest.TestExcelSpreadsheet"/>
  <testcase name="invalidKBTestFile" time="0.030" classname="raysullivan.unitTest.TestExcelSpreadsheet"/>
  <testcase name="invalidKBTestFile" time="0.000" classname="raysullivan.unitTest.TestExcelSpreadsheet"/>
  <testcase name="invalidKBTestFile" time="0.001" classname="raysullivan.unitTest.TestExcelSpreadsheet"/>
  <testcase name="invalidKBTestFile" time="0.001" classname="raysullivan.unitTest.TestExcelSpreadsheet"/>
  <testcase name="validKBTestFile" time="0.058" classname="raysullivan.unitTest.TestExcelSpreadsheet"/>
  <testcase name="invalidKBTestFile" time="0.001" classname="raysullivan.unitTest.TestExcelSpreadsheet"/>
  <testcase name="invalidKBTestFile" time="0.624" classname="raysullivan.unitTest.TestExcelSpreadsheet"/>
  <testcase name="validKBTestFile" time="0.386" classname="raysullivan.unitTest.TestExcelSpreadsheet"/>
</testsuite> <!-- raysullivan.unitTest.TestExcelSpreadsheet -->
