<?xml version="1.0" encoding="UTF-8"?>
<!-- Generated by org.testng.reporters.JUnitReportReporter -->
<testsuite hostname="RSULL-3788L-BRM" name="raysullivan.unitTest.TestAutomationEncryptDecrypt" tests="53" failures="0" timestamp="2 Jun 2017 21:59:44 GMT" time="0.090" errors="0">
  <testcase name="decryptStringExceptions" time="0.000" classname="raysullivan.unitTest.TestAutomationEncryptDecrypt"/>
  <testcase name="decryptString" time="0.001" classname="raysullivan.unitTest.TestAutomationEncryptDecrypt"/>
  <testcase name="decryptString" time="0.000" classname="raysullivan.unitTest.TestAutomationEncryptDecrypt"/>
  <testcase name="encryptString" time="0.016" classname="raysullivan.unitTest.TestAutomationEncryptDecrypt"/>
  <testcase name="decryptStringExceptions" time="0.004" classname="raysullivan.unitTest.TestAutomationEncryptDecrypt"/>
  <testcase name="decryptStringExceptions" time="0.001" classname="raysullivan.unitTest.TestAutomationEncryptDecrypt"/>
  <testcase name="decryptStringExceptions" time="0.000" classname="raysullivan.unitTest.TestAutomationEncryptDecrypt"/>
  <testcase name="decryptStringBad" time="0.001" classname="raysullivan.unitTest.TestAutomationEncryptDecrypt"/>
  <testcase name="decryptStringBad" time="0.001" classname="raysullivan.unitTest.TestAutomationEncryptDecrypt"/>
  <testcase name="encryptStringBad" time="0.000" classname="raysullivan.unitTest.TestAutomationEncryptDecrypt"/>
  <testcase name="decryptStringBad" time="0.001" classname="raysullivan.unitTest.TestAutomationEncryptDecrypt"/>
  <testcase name="decryptStringBad" time="0.001" classname="raysullivan.unitTest.TestAutomationEncryptDecrypt"/>
  <testcase name="decryptStringBad" time="0.003" classname="raysullivan.unitTest.TestAutomationEncryptDecrypt"/>
  <testcase name="decryptStringBad" time="0.000" classname="raysullivan.unitTest.TestAutomationEncryptDecrypt"/>
  <testcase name="encryptString" time="0.001" classname="raysullivan.unitTest.TestAutomationEncryptDecrypt"/>
  <testcase name="encryptStringExceptions" time="0.001" classname="raysullivan.unitTest.TestAutomationEncryptDecrypt"/>
  <testcase name="encryptStringExceptions" time="0.001" classname="raysullivan.unitTest.TestAutomationEncryptDecrypt"/>
  <testcase name="decryptStringExceptions" time="0.001" classname="raysullivan.unitTest.TestAutomationEncryptDecrypt"/>
  <testcase name="decryptStringBad" time="0.000" classname="raysullivan.unitTest.TestAutomationEncryptDecrypt"/>
  <testcase name="decryptStringBad" time="0.000" classname="raysullivan.unitTest.TestAutomationEncryptDecrypt"/>
  <testcase name="decryptString" time="0.000" classname="raysullivan.unitTest.TestAutomationEncryptDecrypt"/>
  <testcase name="encryptStringExceptions" time="0.000" classname="raysullivan.unitTest.TestAutomationEncryptDecrypt"/>
  <testcase name="decryptString" time="0.000" classname="raysullivan.unitTest.TestAutomationEncryptDecrypt"/>
  <testcase name="encryptString" time="0.001" classname="raysullivan.unitTest.TestAutomationEncryptDecrypt"/>
  <testcase name="decryptStringBad" time="0.001" classname="raysullivan.unitTest.TestAutomationEncryptDecrypt"/>
  <testcase name="encryptStringBad" time="0.001" classname="raysullivan.unitTest.TestAutomationEncryptDecrypt"/>
  <testcase name="decryptStringExceptions" time="0.001" classname="raysullivan.unitTest.TestAutomationEncryptDecrypt"/>
  <testcase name="decryptStringExceptions" time="0.037" classname="raysullivan.unitTest.TestAutomationEncryptDecrypt"/>
  <testcase name="encryptStringBad" time="0.001" classname="raysullivan.unitTest.TestAutomationEncryptDecrypt"/>
  <testcase name="decryptString" time="0.000" classname="raysullivan.unitTest.TestAutomationEncryptDecrypt"/>
  <testcase name="decryptStringExceptions" time="0.000" classname="raysullivan.unitTest.TestAutomationEncryptDecrypt"/>
  <testcase name="encryptString" time="0.001" classname="raysullivan.unitTest.TestAutomationEncryptDecrypt"/>
  <testcase name="decryptString" time="0.000" classname="raysullivan.unitTest.TestAutomationEncryptDecrypt"/>
  <testcase name="encryptStringExceptions" time="0.000" classname="raysullivan.unitTest.TestAutomationEncryptDecrypt"/>
  <testcase name="encryptString" time="0.000" classname="raysullivan.unitTest.TestAutomationEncryptDecrypt"/>
  <testcase name="encryptStringBad" time="0.001" classname="raysullivan.unitTest.TestAutomationEncryptDecrypt"/>
  <testcase name="encryptStringBad" time="0.001" classname="raysullivan.unitTest.TestAutomationEncryptDecrypt"/>
  <testcase name="encryptStringBad" time="0.001" classname="raysullivan.unitTest.TestAutomationEncryptDecrypt"/>
  <testcase name="encryptString" time="0.000" classname="raysullivan.unitTest.TestAutomationEncryptDecrypt"/>
  <testcase name="decryptStringExceptions" time="0.001" classname="raysullivan.unitTest.TestAutomationEncryptDecrypt"/>
  <testcase name="encryptString" time="0.001" classname="raysullivan.unitTest.TestAutomationEncryptDecrypt"/>
  <testcase name="encryptStringExceptions" time="0.001" classname="raysullivan.unitTest.TestAutomationEncryptDecrypt"/>
  <testcase name="encryptStringExceptions" time="0.001" classname="raysullivan.unitTest.TestAutomationEncryptDecrypt"/>
  <testcase name="decryptString" time="0.000" classname="raysullivan.unitTest.TestAutomationEncryptDecrypt"/>
  <testcase name="decryptStringExceptions" time="0.001" classname="raysullivan.unitTest.TestAutomationEncryptDecrypt"/>
  <testcase name="encryptStringExceptions" time="0.000" classname="raysullivan.unitTest.TestAutomationEncryptDecrypt"/>
  <testcase name="encryptStringExceptions" time="0.001" classname="raysullivan.unitTest.TestAutomationEncryptDecrypt"/>
  <testcase name="decryptString" time="0.001" classname="raysullivan.unitTest.TestAutomationEncryptDecrypt"/>
  <testcase name="decryptStringExceptions" time="0.001" classname="raysullivan.unitTest.TestAutomationEncryptDecrypt"/>
  <testcase name="encryptStringBad" time="0.001" classname="raysullivan.unitTest.TestAutomationEncryptDecrypt"/>
  <testcase name="decryptString" time="0.001" classname="raysullivan.unitTest.TestAutomationEncryptDecrypt"/>
  <testcase name="encryptString" time="0.000" classname="raysullivan.unitTest.TestAutomationEncryptDecrypt"/>
  <testcase name="encryptStringBad" time="0.001" classname="raysullivan.unitTest.TestAutomationEncryptDecrypt"/>
</testsuite> <!-- raysullivan.unitTest.TestAutomationEncryptDecrypt -->
