<?xml version="1.0" encoding="UTF-8"?>
<!-- Generated by org.testng.reporters.JUnitReportReporter -->
<testsuite hostname="RSULL-3788L-BRM" name="raysullivan.unitTest.TestAdGetPropertyAttribute" tests="13" failures="0" timestamp="16 Jun 2017 19:28:38 GMT" time="0.042" errors="0">
  <testcase name="getPropertyValid" time="0.000" classname="raysullivan.unitTest.TestAdGetPropertyAttribute"/>
  <testcase name="getPropertyInvalid" time="0.013" classname="raysullivan.unitTest.TestAdGetPropertyAttribute"/>
  <testcase name="getPropertyValid" time="0.001" classname="raysullivan.unitTest.TestAdGetPropertyAttribute"/>
  <testcase name="getPropertyValid" time="0.005" classname="raysullivan.unitTest.TestAdGetPropertyAttribute"/>
  <testcase name="getPropertyValid" time="0.000" classname="raysullivan.unitTest.TestAdGetPropertyAttribute"/>
  <testcase name="getPropertyValid" time="0.001" classname="raysullivan.unitTest.TestAdGetPropertyAttribute"/>
  <testcase name="getPropertyInvalid" time="0.010" classname="raysullivan.unitTest.TestAdGetPropertyAttribute"/>
  <testcase name="getPropertyValid" time="0.003" classname="raysullivan.unitTest.TestAdGetPropertyAttribute"/>
  <testcase name="getPropertyInvalid" time="0.001" classname="raysullivan.unitTest.TestAdGetPropertyAttribute"/>
  <testcase name="getPropertyInvalid" time="0.001" classname="raysullivan.unitTest.TestAdGetPropertyAttribute"/>
  <testcase name="getPropertyValid" time="0.001" classname="raysullivan.unitTest.TestAdGetPropertyAttribute"/>
  <testcase name="getPropertyInvalid" time="0.004" classname="raysullivan.unitTest.TestAdGetPropertyAttribute"/>
  <testcase name="getPropertyValid" time="0.002" classname="raysullivan.unitTest.TestAdGetPropertyAttribute"/>
</testsuite> <!-- raysullivan.unitTest.TestAdGetPropertyAttribute -->
