<?xml version="1.0" encoding="UTF-8"?>
<!-- Generated by org.testng.reporters.JUnitReportReporter -->
<testsuite hostname="RSULL-3788L-BRM" name="raysullivan.unitTest.TestAutomationDriverKeywords" tests="37" failures="0" timestamp="2 Jun 2017 21:59:44 GMT" time="0.069" errors="0">
  <testcase name="TestAssertNotEquals" time="0.001" classname="raysullivan.unitTest.TestAutomationDriverKeywords"/>
  <testcase name="TestAssertNotContains" time="0.001" classname="raysullivan.unitTest.TestAutomationDriverKeywords"/>
  <testcase name="TestAssertContains" time="0.000" classname="raysullivan.unitTest.TestAutomationDriverKeywords"/>
  <testcase name="TestValidateAssertVariables" time="0.001" classname="raysullivan.unitTest.TestAutomationDriverKeywords"/>
  <testcase name="TestValidateAssertVariablesInvalid" time="0.001" classname="raysullivan.unitTest.TestAutomationDriverKeywords"/>
  <testcase name="TestValidateAssertVariablesInvalid" time="0.001" classname="raysullivan.unitTest.TestAutomationDriverKeywords"/>
  <testcase name="TestValidateAssertVariablesInvalid" time="0.000" classname="raysullivan.unitTest.TestAutomationDriverKeywords"/>
  <testcase name="TestValidateAssertVariablesInvalid" time="0.000" classname="raysullivan.unitTest.TestAutomationDriverKeywords"/>
  <testcase name="TestValidateAssertVariablesInvalid" time="0.005" classname="raysullivan.unitTest.TestAutomationDriverKeywords"/>
  <testcase name="TestAssertEquals" time="0.001" classname="raysullivan.unitTest.TestAutomationDriverKeywords"/>
  <testcase name="TestAssertNotContains" time="0.000" classname="raysullivan.unitTest.TestAutomationDriverKeywords"/>
  <testcase name="TestAssertNotContains" time="0.001" classname="raysullivan.unitTest.TestAutomationDriverKeywords"/>
  <testcase name="TestAssertEquals" time="0.001" classname="raysullivan.unitTest.TestAutomationDriverKeywords"/>
  <testcase name="TestAssertContains" time="0.000" classname="raysullivan.unitTest.TestAutomationDriverKeywords"/>
  <testcase name="TestAssertNotContains" time="0.001" classname="raysullivan.unitTest.TestAutomationDriverKeywords"/>
  <testcase name="TestAssertContains" time="0.000" classname="raysullivan.unitTest.TestAutomationDriverKeywords"/>
  <testcase name="TestValidateAssertVariablesInvalid" time="0.001" classname="raysullivan.unitTest.TestAutomationDriverKeywords"/>
  <testcase name="TestAssertNotContains" time="0.000" classname="raysullivan.unitTest.TestAutomationDriverKeywords"/>
  <testcase name="TestAssertContains" time="0.001" classname="raysullivan.unitTest.TestAutomationDriverKeywords"/>
  <testcase name="TestAssertContains" time="0.000" classname="raysullivan.unitTest.TestAutomationDriverKeywords"/>
  <testcase name="TestAssertNotEquals" time="0.000" classname="raysullivan.unitTest.TestAutomationDriverKeywords"/>
  <testcase name="TestAssertNotEquals" time="0.000" classname="raysullivan.unitTest.TestAutomationDriverKeywords"/>
  <testcase name="TestValidateAssertVariablesInvalid" time="0.001" classname="raysullivan.unitTest.TestAutomationDriverKeywords"/>
  <testcase name="TestValidateAssertVariablesInvalid" time="0.001" classname="raysullivan.unitTest.TestAutomationDriverKeywords"/>
  <testcase name="TestAssertEquals" time="0.001" classname="raysullivan.unitTest.TestAutomationDriverKeywords"/>
  <testcase name="TestValidateAssertVariablesInvalid" time="0.000" classname="raysullivan.unitTest.TestAutomationDriverKeywords"/>
  <testcase name="TestValidateAssertVariablesInvalid" time="0.010" classname="raysullivan.unitTest.TestAutomationDriverKeywords"/>
  <testcase name="TestAssertContains" time="0.001" classname="raysullivan.unitTest.TestAutomationDriverKeywords"/>
  <testcase name="TestAssertContains" time="0.000" classname="raysullivan.unitTest.TestAutomationDriverKeywords"/>
  <testcase name="TestValidateAssertVariables" time="0.000" classname="raysullivan.unitTest.TestAutomationDriverKeywords"/>
  <testcase name="TestValidateAssertVariablesInvalid" time="0.013" classname="raysullivan.unitTest.TestAutomationDriverKeywords"/>
  <testcase name="TestAssertNotContains" time="0.001" classname="raysullivan.unitTest.TestAutomationDriverKeywords"/>
  <testcase name="TestValidateAssertVariablesInvalid" time="0.007" classname="raysullivan.unitTest.TestAutomationDriverKeywords"/>
  <testcase name="TestAssertEquals" time="0.001" classname="raysullivan.unitTest.TestAutomationDriverKeywords"/>
  <testcase name="TestValidateAssertVariablesInvalid" time="0.004" classname="raysullivan.unitTest.TestAutomationDriverKeywords"/>
  <testcase name="TestValidateAssertVariablesInvalid" time="0.013" classname="raysullivan.unitTest.TestAutomationDriverKeywords"/>
  <testcase name="TestValidateAssertVariablesInvalid" time="0.000" classname="raysullivan.unitTest.TestAutomationDriverKeywords"/>
</testsuite> <!-- raysullivan.unitTest.TestAutomationDriverKeywords -->
