<?xml version="1.0" encoding="UTF-8"?>
<!-- Generated by org.testng.reporters.JUnitReportReporter -->
<testsuite hostname="RSULL-3788L-BRM" name="raysullivan.unitTest.TestAdKeywords" tests="20" failures="0" timestamp="16 Jun 2017 19:28:38 GMT" time="0.019" errors="0">
  <testcase name="TestAssertNotContains" time="0.001" classname="raysullivan.unitTest.TestAdKeywords"/>
  <testcase name="TestAssertEquals" time="0.001" classname="raysullivan.unitTest.TestAdKeywords"/>
  <testcase name="TestAssertContains" time="0.001" classname="raysullivan.unitTest.TestAdKeywords"/>
  <testcase name="TestAssertNotContains" time="0.000" classname="raysullivan.unitTest.TestAdKeywords"/>
  <testcase name="TestAssertNotContains" time="0.001" classname="raysullivan.unitTest.TestAdKeywords"/>
  <testcase name="TestAssertNotEquals" time="0.001" classname="raysullivan.unitTest.TestAdKeywords"/>
  <testcase name="TestAssertContains" time="0.001" classname="raysullivan.unitTest.TestAdKeywords"/>
  <testcase name="TestAssertNotEquals" time="0.006" classname="raysullivan.unitTest.TestAdKeywords"/>
  <testcase name="TestAssertContains" time="0.000" classname="raysullivan.unitTest.TestAdKeywords"/>
  <testcase name="TestAssertContains" time="0.000" classname="raysullivan.unitTest.TestAdKeywords"/>
  <testcase name="TestAssertEquals" time="0.000" classname="raysullivan.unitTest.TestAdKeywords"/>
  <testcase name="TestAssertNotContains" time="0.000" classname="raysullivan.unitTest.TestAdKeywords"/>
  <testcase name="TestAssertContains" time="0.001" classname="raysullivan.unitTest.TestAdKeywords"/>
  <testcase name="TestAssertContains" time="0.000" classname="raysullivan.unitTest.TestAdKeywords"/>
  <testcase name="TestAssertEquals" time="0.002" classname="raysullivan.unitTest.TestAdKeywords"/>
  <testcase name="TestAssertNotContains" time="0.000" classname="raysullivan.unitTest.TestAdKeywords"/>
  <testcase name="TestAssertEquals" time="0.001" classname="raysullivan.unitTest.TestAdKeywords"/>
  <testcase name="TestAssertContains" time="0.001" classname="raysullivan.unitTest.TestAdKeywords"/>
  <testcase name="TestAssertNotContains" time="0.001" classname="raysullivan.unitTest.TestAdKeywords"/>
  <testcase name="TestAssertNotEquals" time="0.001" classname="raysullivan.unitTest.TestAdKeywords"/>
</testsuite> <!-- raysullivan.unitTest.TestAdKeywords -->
