<?xml version="1.0" encoding="UTF-8"?>
<!-- Generated by org.testng.reporters.JUnitReportReporter -->
<testsuite hostname="RSULL-3788L-BRM" name="raysullivan.unitTest.TestAdTakeScreenShot" tests="1" failures="0" timestamp="9 Jun 2017 22:39:49 GMT" time="0.037" errors="0">
  <testcase name="testScreenShot" time="0.037" classname="raysullivan.unitTest.TestAdTakeScreenShot"/>
</testsuite> <!-- raysullivan.unitTest.TestAdTakeScreenShot -->
