<?xml version="1.0" encoding="UTF-8"?>
<!-- Generated by org.testng.reporters.JUnitReportReporter -->
<testsuite hostname="RSULL-3788L-BRM" name="raysullivan.unitTest.TestAdBrowser" tests="10" failures="0" timestamp="16 Jun 2017 19:28:10 GMT" time="14.514" errors="0">
  <testcase name="getDriverWithProfile" time="14.029" classname="raysullivan.unitTest.TestAdBrowser"/>
  <testcase name="getDriverWithProfile" time="0.004" classname="raysullivan.unitTest.TestAdBrowser"/>
  <testcase name="getDriverWithProfile" time="0.003" classname="raysullivan.unitTest.TestAdBrowser"/>
  <testcase name="getDriverWithProfile" time="0.004" classname="raysullivan.unitTest.TestAdBrowser"/>
  <testcase name="invalidDriver" time="0.138" classname="raysullivan.unitTest.TestAdBrowser"/>
  <testcase name="getDriverWithProfile" time="0.141" classname="raysullivan.unitTest.TestAdBrowser"/>
  <testcase name="invalidDriver" time="0.003" classname="raysullivan.unitTest.TestAdBrowser"/>
  <testcase name="getDriverWithProfile" time="0.003" classname="raysullivan.unitTest.TestAdBrowser"/>
  <testcase name="invalidDriver" time="0.002" classname="raysullivan.unitTest.TestAdBrowser"/>
  <testcase name="invalidDriver" time="0.187" classname="raysullivan.unitTest.TestAdBrowser"/>
</testsuite> <!-- raysullivan.unitTest.TestAdBrowser -->
