<?xml version="1.0" encoding="UTF-8"?>
<!-- Generated by org.testng.reporters.JUnitReportReporter -->
<testsuite hostname="RSULL-3788L-BRM" name="raysullivan.unitTest.TestAutomationDriverUtil" tests="55" failures="0" timestamp="2 Jun 2017 21:59:44 GMT" time="0.448" errors="0">
  <testcase name="getElapsedTime" time="0.002" classname="raysullivan.unitTest.TestAutomationDriverUtil"/>
  <testcase name="getWebProfile" time="0.000" classname="raysullivan.unitTest.TestAutomationDriverUtil"/>
  <testcase name="valueCellFormatTest" time="0.001" classname="raysullivan.unitTest.TestAutomationDriverUtil"/>
  <testcase name="getElapsedTime" time="0.001" classname="raysullivan.unitTest.TestAutomationDriverUtil"/>
  <testcase name="getElapsedTime" time="0.006" classname="raysullivan.unitTest.TestAutomationDriverUtil"/>
  <testcase name="getTestReportPath" time="0.001" classname="raysullivan.unitTest.TestAutomationDriverUtil"/>
  <testcase name="getTestProfile" time="0.003" classname="raysullivan.unitTest.TestAutomationDriverUtil"/>
  <testcase name="valueCellFormatTest" time="0.001" classname="raysullivan.unitTest.TestAutomationDriverUtil"/>
  <testcase name="getAverage" time="0.002" classname="raysullivan.unitTest.TestAutomationDriverUtil"/>
  <testcase name="getWorksheet" time="0.001" classname="raysullivan.unitTest.TestAutomationDriverUtil"/>
  <testcase name="getBrowser" time="0.005" classname="raysullivan.unitTest.TestAutomationDriverUtil"/>
  <testcase name="valueCellFormatTest" time="0.001" classname="raysullivan.unitTest.TestAutomationDriverUtil"/>
  <testcase name="getAverage" time="0.001" classname="raysullivan.unitTest.TestAutomationDriverUtil"/>
  <testcase name="getIsCapCsv" time="0.031" classname="raysullivan.unitTest.TestAutomationDriverUtil"/>
  <testcase name="valueCellFormatTest" time="0.001" classname="raysullivan.unitTest.TestAutomationDriverUtil"/>
  <testcase name="valueCellFormatTest" time="0.001" classname="raysullivan.unitTest.TestAutomationDriverUtil"/>
  <testcase name="getElapsedTime" time="0.001" classname="raysullivan.unitTest.TestAutomationDriverUtil"/>
  <testcase name="getPropertyName" time="0.001" classname="raysullivan.unitTest.TestAutomationDriverUtil"/>
  <testcase name="valueCellFormatTest" time="0.000" classname="raysullivan.unitTest.TestAutomationDriverUtil"/>
  <testcase name="getSuccess" time="0.001" classname="raysullivan.unitTest.TestAutomationDriverUtil"/>
  <testcase name="getElapsedTime" time="0.001" classname="raysullivan.unitTest.TestAutomationDriverUtil"/>
  <testcase name="getElapsedTime" time="0.001" classname="raysullivan.unitTest.TestAutomationDriverUtil"/>
  <testcase name="valueCellFormatTest" time="0.001" classname="raysullivan.unitTest.TestAutomationDriverUtil"/>
  <testcase name="valueCellFormatTest" time="0.001" classname="raysullivan.unitTest.TestAutomationDriverUtil"/>
  <testcase name="getElapsedTime" time="0.007" classname="raysullivan.unitTest.TestAutomationDriverUtil"/>
  <testcase name="valueCellFormatTest" time="0.001" classname="raysullivan.unitTest.TestAutomationDriverUtil"/>
  <testcase name="valueCellFormatExceptionTest" time="0.000" classname="raysullivan.unitTest.TestAutomationDriverUtil"/>
  <testcase name="getAverage" time="0.001" classname="raysullivan.unitTest.TestAutomationDriverUtil"/>
  <testcase name="getSheetIterations" time="0.002" classname="raysullivan.unitTest.TestAutomationDriverUtil"/>
  <testcase name="getSpreadsheet" time="0.001" classname="raysullivan.unitTest.TestAutomationDriverUtil"/>
  <testcase name="getResultSpreadsheet" time="0.001" classname="raysullivan.unitTest.TestAutomationDriverUtil"/>
  <testcase name="getElapsedTime" time="0.001" classname="raysullivan.unitTest.TestAutomationDriverUtil"/>
  <testcase name="getTestPropertyPath" time="0.000" classname="raysullivan.unitTest.TestAutomationDriverUtil"/>
  <testcase name="getIsCapVideo" time="0.001" classname="raysullivan.unitTest.TestAutomationDriverUtil"/>
  <testcase name="valueCellFormatTest" time="0.001" classname="raysullivan.unitTest.TestAutomationDriverUtil"/>
  <testcase name="getTestcase" time="0.001" classname="raysullivan.unitTest.TestAutomationDriverUtil"/>
  <testcase name="getAverage" time="0.002" classname="raysullivan.unitTest.TestAutomationDriverUtil"/>
  <testcase name="getAverage" time="0.024" classname="raysullivan.unitTest.TestAutomationDriverUtil"/>
  <testcase name="getAverage" time="0.002" classname="raysullivan.unitTest.TestAutomationDriverUtil"/>
  <testcase name="getAverage" time="0.001" classname="raysullivan.unitTest.TestAutomationDriverUtil"/>
  <testcase name="valueCellFormatTest" time="0.001" classname="raysullivan.unitTest.TestAutomationDriverUtil"/>
  <testcase name="getAverage" time="0.001" classname="raysullivan.unitTest.TestAutomationDriverUtil"/>
  <testcase name="getElapsedTime" time="0.001" classname="raysullivan.unitTest.TestAutomationDriverUtil"/>
  <testcase name="getTestTimeout" time="0.002" classname="raysullivan.unitTest.TestAutomationDriverUtil"/>
  <testcase name="getElapsedTime" time="0.002" classname="raysullivan.unitTest.TestAutomationDriverUtil"/>
  <testcase name="valueCellFormatTest" time="0.000" classname="raysullivan.unitTest.TestAutomationDriverUtil"/>
  <testcase name="valueCellFormatTest" time="0.000" classname="raysullivan.unitTest.TestAutomationDriverUtil"/>
  <testcase name="getElapsedTime" time="0.002" classname="raysullivan.unitTest.TestAutomationDriverUtil"/>
  <testcase name="valueCellFormatTest" time="0.321" classname="raysullivan.unitTest.TestAutomationDriverUtil"/>
  <testcase name="valueCellFormatExceptionTest" time="0.001" classname="raysullivan.unitTest.TestAutomationDriverUtil"/>
  <testcase name="getAverage" time="0.001" classname="raysullivan.unitTest.TestAutomationDriverUtil"/>
  <testcase name="valueCellFormatTest" time="0.001" classname="raysullivan.unitTest.TestAutomationDriverUtil"/>
  <testcase name="getElapsedTime" time="0.001" classname="raysullivan.unitTest.TestAutomationDriverUtil"/>
  <testcase name="getKeyString" time="0.002" classname="raysullivan.unitTest.TestAutomationDriverUtil"/>
  <testcase name="getError" time="0.001" classname="raysullivan.unitTest.TestAutomationDriverUtil"/>
</testsuite> <!-- raysullivan.unitTest.TestAutomationDriverUtil -->
