<?xml version="1.0" encoding="UTF-8"?>
<!-- Generated by org.testng.reporters.JUnitReportReporter -->
<testsuite hostname="RSULL-3788L-BRM" name="raysullivan.unitTest.TestAutomationDriverBrowser" tests="10" failures="0" timestamp="5 Jun 2017 19:54:00 GMT" time="10.288" errors="0">
  <testcase name="invalidDriver" time="0.172" classname="raysullivan.unitTest.TestAutomationDriverBrowser"/>
  <testcase name="getDriverWithProfile" time="0.001" classname="raysullivan.unitTest.TestAutomationDriverBrowser"/>
  <testcase name="getDriverWithProfile" time="0.001" classname="raysullivan.unitTest.TestAutomationDriverBrowser"/>
  <testcase name="invalidDriver" time="0.002" classname="raysullivan.unitTest.TestAutomationDriverBrowser"/>
  <testcase name="invalidDriver" time="0.003" classname="raysullivan.unitTest.TestAutomationDriverBrowser"/>
  <testcase name="getDriverWithProfile" time="0.002" classname="raysullivan.unitTest.TestAutomationDriverBrowser"/>
  <testcase name="getDriverWithProfile" time="9.725" classname="raysullivan.unitTest.TestAutomationDriverBrowser"/>
  <testcase name="getDriverWithProfile" time="0.142" classname="raysullivan.unitTest.TestAutomationDriverBrowser"/>
  <testcase name="getDriverWithProfile" time="0.002" classname="raysullivan.unitTest.TestAutomationDriverBrowser"/>
  <testcase name="invalidDriver" time="0.238" classname="raysullivan.unitTest.TestAutomationDriverBrowser"/>
</testsuite> <!-- raysullivan.unitTest.TestAutomationDriverBrowser -->
