<?xml version="1.0" encoding="UTF-8"?>
<!-- Generated by org.testng.reporters.JUnitReportReporter -->
<testsuite hostname="RSULL-3788L-BRM" name="raysullivan.unitTest.TestAdKeywords" tests="20" failures="0" timestamp="9 Jun 2017 22:39:49 GMT" time="0.010" errors="0">
  <testcase name="TestAssertNotEquals" time="0.001" classname="raysullivan.unitTest.TestAdKeywords"/>
  <testcase name="TestAssertNotContains" time="0.000" classname="raysullivan.unitTest.TestAdKeywords"/>
  <testcase name="TestAssertNotContains" time="0.000" classname="raysullivan.unitTest.TestAdKeywords"/>
  <testcase name="TestAssertContains" time="0.000" classname="raysullivan.unitTest.TestAdKeywords"/>
  <testcase name="TestAssertNotEquals" time="0.001" classname="raysullivan.unitTest.TestAdKeywords"/>
  <testcase name="TestAssertContains" time="0.000" classname="raysullivan.unitTest.TestAdKeywords"/>
  <testcase name="TestAssertContains" time="0.001" classname="raysullivan.unitTest.TestAdKeywords"/>
  <testcase name="TestAssertEquals" time="0.000" classname="raysullivan.unitTest.TestAdKeywords"/>
  <testcase name="TestAssertEquals" time="0.001" classname="raysullivan.unitTest.TestAdKeywords"/>
  <testcase name="TestAssertNotContains" time="0.001" classname="raysullivan.unitTest.TestAdKeywords"/>
  <testcase name="TestAssertNotEquals" time="0.000" classname="raysullivan.unitTest.TestAdKeywords"/>
  <testcase name="TestAssertContains" time="0.001" classname="raysullivan.unitTest.TestAdKeywords"/>
  <testcase name="TestAssertContains" time="0.001" classname="raysullivan.unitTest.TestAdKeywords"/>
  <testcase name="TestAssertEquals" time="0.000" classname="raysullivan.unitTest.TestAdKeywords"/>
  <testcase name="TestAssertContains" time="0.001" classname="raysullivan.unitTest.TestAdKeywords"/>
  <testcase name="TestAssertNotContains" time="0.000" classname="raysullivan.unitTest.TestAdKeywords"/>
  <testcase name="TestAssertNotContains" time="0.001" classname="raysullivan.unitTest.TestAdKeywords"/>
  <testcase name="TestAssertEquals" time="0.000" classname="raysullivan.unitTest.TestAdKeywords"/>
  <testcase name="TestAssertContains" time="0.001" classname="raysullivan.unitTest.TestAdKeywords"/>
  <testcase name="TestAssertNotContains" time="0.000" classname="raysullivan.unitTest.TestAdKeywords"/>
</testsuite> <!-- raysullivan.unitTest.TestAdKeywords -->
