<?xml version="1.0" encoding="UTF-8"?>
<!-- Generated by org.testng.reporters.JUnitReportReporter -->
<testsuite hostname="RSULL-3788L-BRM" name="raysullivan.unitTest.TestAdVariable" tests="30" failures="0" timestamp="5 Jun 2017 20:24:19 GMT" time="0.066" errors="0">
  <testcase name="setinvalidVariableValue" time="0.001" classname="raysullivan.unitTest.TestAdVariable"/>
  <testcase name="setVariableAndOverwrite" time="0.000" classname="raysullivan.unitTest.TestAdVariable"/>
  <testcase name="validateAssertVariables" time="0.000" classname="raysullivan.unitTest.TestAdVariable"/>
  <testcase name="setinvalidVariableValue" time="0.000" classname="raysullivan.unitTest.TestAdVariable"/>
  <testcase name="validateVariableInvalid" time="0.001" classname="raysullivan.unitTest.TestAdVariable"/>
  <testcase name="validateVariableInvalid" time="0.000" classname="raysullivan.unitTest.TestAdVariable"/>
  <testcase name="validateVariableInvalid" time="0.004" classname="raysullivan.unitTest.TestAdVariable"/>
  <testcase name="validateVariableInvalid" time="0.000" classname="raysullivan.unitTest.TestAdVariable"/>
  <testcase name="validateVariableInvalid" time="0.001" classname="raysullivan.unitTest.TestAdVariable"/>
  <testcase name="validateVariableInvalid" time="0.001" classname="raysullivan.unitTest.TestAdVariable"/>
  <testcase name="validateVariableInvalid" time="0.001" classname="raysullivan.unitTest.TestAdVariable"/>
  <testcase name="setVariableAndOverwrite" time="0.000" classname="raysullivan.unitTest.TestAdVariable"/>
  <testcase name="setVariableMultiple" time="0.001" classname="raysullivan.unitTest.TestAdVariable"/>
  <testcase name="validateVariableInvalid" time="0.001" classname="raysullivan.unitTest.TestAdVariable"/>
  <testcase name="validateVariable" time="0.000" classname="raysullivan.unitTest.TestAdVariable"/>
  <testcase name="setVariableAndOverwrite" time="0.007" classname="raysullivan.unitTest.TestAdVariable"/>
  <testcase name="setinvalidVariableValue" time="0.001" classname="raysullivan.unitTest.TestAdVariable"/>
  <testcase name="validateVariable" time="0.000" classname="raysullivan.unitTest.TestAdVariable"/>
  <testcase name="setinvalidVariableValue" time="0.000" classname="raysullivan.unitTest.TestAdVariable"/>
  <testcase name="validateVariableInvalid" time="0.001" classname="raysullivan.unitTest.TestAdVariable"/>
  <testcase name="validateVariableInvalid" time="0.029" classname="raysullivan.unitTest.TestAdVariable"/>
  <testcase name="setinvalidVariableValue" time="0.001" classname="raysullivan.unitTest.TestAdVariable"/>
  <testcase name="setVariableMultiple" time="0.001" classname="raysullivan.unitTest.TestAdVariable"/>
  <testcase name="validateVariableInvalid" time="0.006" classname="raysullivan.unitTest.TestAdVariable"/>
  <testcase name="setinvalidVariableValue" time="0.001" classname="raysullivan.unitTest.TestAdVariable"/>
  <testcase name="validateVariable" time="0.001" classname="raysullivan.unitTest.TestAdVariable"/>
  <testcase name="validateVariableInvalid" time="0.006" classname="raysullivan.unitTest.TestAdVariable"/>
  <testcase name="validateVariable" time="0.000" classname="raysullivan.unitTest.TestAdVariable"/>
  <testcase name="validateVariable" time="0.000" classname="raysullivan.unitTest.TestAdVariable"/>
  <testcase name="validateVariableInvalid" time="0.001" classname="raysullivan.unitTest.TestAdVariable"/>
</testsuite> <!-- raysullivan.unitTest.TestAdVariable -->
