<?xml version="1.0" encoding="UTF-8"?>
<!-- Generated by org.testng.reporters.JUnitReportReporter -->
<testsuite hostname="RSULL-3788L-BRM" name="raysullivan.unitTest.TestAdOpenExcelSpreadsheet" tests="9" failures="0" timestamp="9 Jun 2017 22:39:49 GMT" time="0.982" errors="0">
  <testcase name="invalidKBTestFile" time="0.761" classname="raysullivan.unitTest.TestAdOpenExcelSpreadsheet"/>
  <testcase name="invalidKBTestFile" time="0.001" classname="raysullivan.unitTest.TestAdOpenExcelSpreadsheet"/>
  <testcase name="invalidKBTestFile" time="0.000" classname="raysullivan.unitTest.TestAdOpenExcelSpreadsheet"/>
  <testcase name="validKBTestFile" time="0.058" classname="raysullivan.unitTest.TestAdOpenExcelSpreadsheet"/>
  <testcase name="invalidKBTestFile" time="0.001" classname="raysullivan.unitTest.TestAdOpenExcelSpreadsheet"/>
  <testcase name="invalidKBTestFile" time="0.001" classname="raysullivan.unitTest.TestAdOpenExcelSpreadsheet"/>
  <testcase name="invalidKBTestFile" time="0.001" classname="raysullivan.unitTest.TestAdOpenExcelSpreadsheet"/>
  <testcase name="invalidKBTestFile" time="0.019" classname="raysullivan.unitTest.TestAdOpenExcelSpreadsheet"/>
  <testcase name="validKBTestFile" time="0.140" classname="raysullivan.unitTest.TestAdOpenExcelSpreadsheet"/>
</testsuite> <!-- raysullivan.unitTest.TestAdOpenExcelSpreadsheet -->
