<?xml version="1.0" encoding="UTF-8"?>
<!-- Generated by org.testng.reporters.JUnitReportReporter -->
<testsuite hostname="RSULL-3788L-BRM" name="raysullivan.unitTest.TestKDTestFile" tests="7" failures="0" timestamp="25 Apr 2017 19:41:27 GMT" time="0.600" errors="0">
  <testcase name="invalidKBTestFile" time="0.002" classname="raysullivan.unitTest.TestKDTestFile"/>
  <testcase name="invalidKBTestFile" time="0.023" classname="raysullivan.unitTest.TestKDTestFile"/>
  <testcase name="invalidKBTestFile" time="0.002" classname="raysullivan.unitTest.TestKDTestFile"/>
  <testcase name="invalidKBTestFile" time="0.001" classname="raysullivan.unitTest.TestKDTestFile"/>
  <testcase name="invalidKBTestFile" time="0.001" classname="raysullivan.unitTest.TestKDTestFile"/>
  <testcase name="invalidKBTestFile" time="0.567" classname="raysullivan.unitTest.TestKDTestFile"/>
  <testcase name="invalidKBTestFile" time="0.004" classname="raysullivan.unitTest.TestKDTestFile"/>
</testsuite> <!-- raysullivan.unitTest.TestKDTestFile -->
