<?xml version="1.0" encoding="UTF-8"?>
<!-- Generated by org.testng.reporters.JUnitReportReporter -->
<testsuite hostname="RSULL-3788L-BRM" name="raysullivan.unitTest.TestAutomationDriverVariable" tests="30" failures="0" timestamp="5 Jun 2017 19:51:43 GMT" time="0.074" errors="0">
  <testcase name="validateVariableInvalid" time="0.001" classname="raysullivan.unitTest.TestAutomationDriverVariable"/>
  <testcase name="validateVariableInvalid" time="0.006" classname="raysullivan.unitTest.TestAutomationDriverVariable"/>
  <testcase name="validateVariable" time="0.001" classname="raysullivan.unitTest.TestAutomationDriverVariable"/>
  <testcase name="setVariableMultiple" time="0.001" classname="raysullivan.unitTest.TestAutomationDriverVariable"/>
  <testcase name="setinvalidVariableValue" time="0.001" classname="raysullivan.unitTest.TestAutomationDriverVariable"/>
  <testcase name="setVariableAndOverwrite" time="0.001" classname="raysullivan.unitTest.TestAutomationDriverVariable"/>
  <testcase name="setinvalidVariableValue" time="0.001" classname="raysullivan.unitTest.TestAutomationDriverVariable"/>
  <testcase name="validateVariableInvalid" time="0.001" classname="raysullivan.unitTest.TestAutomationDriverVariable"/>
  <testcase name="validateVariable" time="0.001" classname="raysullivan.unitTest.TestAutomationDriverVariable"/>
  <testcase name="validateVariable" time="0.002" classname="raysullivan.unitTest.TestAutomationDriverVariable"/>
  <testcase name="validateVariable" time="0.001" classname="raysullivan.unitTest.TestAutomationDriverVariable"/>
  <testcase name="validateVariableInvalid" time="0.003" classname="raysullivan.unitTest.TestAutomationDriverVariable"/>
  <testcase name="validateVariableInvalid" time="0.001" classname="raysullivan.unitTest.TestAutomationDriverVariable"/>
  <testcase name="setinvalidVariableValue" time="0.000" classname="raysullivan.unitTest.TestAutomationDriverVariable"/>
  <testcase name="setinvalidVariableValue" time="0.001" classname="raysullivan.unitTest.TestAutomationDriverVariable"/>
  <testcase name="setinvalidVariableValue" time="0.001" classname="raysullivan.unitTest.TestAutomationDriverVariable"/>
  <testcase name="setinvalidVariableValue" time="0.002" classname="raysullivan.unitTest.TestAutomationDriverVariable"/>
  <testcase name="validateVariableInvalid" time="0.001" classname="raysullivan.unitTest.TestAutomationDriverVariable"/>
  <testcase name="validateVariableInvalid" time="0.001" classname="raysullivan.unitTest.TestAutomationDriverVariable"/>
  <testcase name="validateAssertVariables" time="0.001" classname="raysullivan.unitTest.TestAutomationDriverVariable"/>
  <testcase name="validateVariableInvalid" time="0.001" classname="raysullivan.unitTest.TestAutomationDriverVariable"/>
  <testcase name="validateVariable" time="0.001" classname="raysullivan.unitTest.TestAutomationDriverVariable"/>
  <testcase name="setVariableAndOverwrite" time="0.002" classname="raysullivan.unitTest.TestAutomationDriverVariable"/>
  <testcase name="validateVariableInvalid" time="0.000" classname="raysullivan.unitTest.TestAutomationDriverVariable"/>
  <testcase name="setVariableMultiple" time="0.001" classname="raysullivan.unitTest.TestAutomationDriverVariable"/>
  <testcase name="setVariableAndOverwrite" time="0.019" classname="raysullivan.unitTest.TestAutomationDriverVariable"/>
  <testcase name="validateVariableInvalid" time="0.009" classname="raysullivan.unitTest.TestAutomationDriverVariable"/>
  <testcase name="validateVariableInvalid" time="0.008" classname="raysullivan.unitTest.TestAutomationDriverVariable"/>
  <testcase name="validateVariableInvalid" time="0.004" classname="raysullivan.unitTest.TestAutomationDriverVariable"/>
  <testcase name="validateVariableInvalid" time="0.001" classname="raysullivan.unitTest.TestAutomationDriverVariable"/>
</testsuite> <!-- raysullivan.unitTest.TestAutomationDriverVariable -->
