<?xml version="1.0" encoding="UTF-8"?>
<!-- Generated by org.testng.reporters.JUnitReportReporter -->
<testsuite hostname="RSULL-3788L-BRM" name="raysullivan.unitTest.TestAutomationDriverPDFListener" tests="2" failures="0" timestamp="26 Apr 2017 20:36:14 GMT" time="0.011" errors="0">
  <testcase name="f" time="0.010" classname="raysullivan.unitTest.TestAutomationDriverPDFListener"/>
  <testcase name="f" time="0.001" classname="raysullivan.unitTest.TestAutomationDriverPDFListener"/>
</testsuite> <!-- raysullivan.unitTest.TestAutomationDriverPDFListener -->
